<?xml version="1.0" encoding="UTF-8"?>
<!-- Generated by org.testng.reporters.JUnitReportReporter -->
<testsuite hostname="TVMATP533067L" failures="0" tests="4" name="poleStar.ApiTestClass" time="1.486" errors="0" timestamp="2024-06-14T15:49:06 IST" skipped="0">
  <testcase classname="poleStar.ApiTestClass" name="executeGETRequest" time="1.334"/>
  <system-out/>
  <testcase classname="poleStar.ApiTestClass" name="verifyStatusCodeOfGetResponse" time="0.005"/>
  <system-out/>
  <testcase classname="poleStar.ApiTestClass" name="verifyStatusCodeOfDeleteResponse" time="0.001"/>
  <system-out/>
  <testcase classname="poleStar.ApiTestClass" name="executeDelete" time="0.146"/>
  <system-out/>
</testsuite> <!-- poleStar.ApiTestClass -->
