<?xml version="1.0" encoding="UTF-8"?>
<!-- Generated by org.testng.reporters.JUnitReportReporter -->
<testsuite hostname="TVMATP533067L" failures="0" tests="1" name="PoleStar.HomePage" time="41.070" errors="0" timestamp="06 Jun 2024 07:42:04 GMT" skipped="0">
  <testcase classname="PoleStar.HomePage" name="f" time="41.070"/>
</testsuite> <!-- PoleStar.HomePage -->
