<?xml version="1.0" encoding="UTF-8"?>
<!-- Generated by org.testng.reporters.JUnitReportReporter -->
<testsuite hostname="TVMATP533067L" failures="0" tests="12" name="poleStar.UiTestClass" time="45.631" errors="0" timestamp="2024-06-14T15:49:06 IST" skipped="0">
  <testcase classname="poleStar.UiTestClass" name="navigateToTheLink" time="9.753"/>
  <system-out/>
  <testcase classname="poleStar.UiTestClass" name="navigateToTheLink" time="12.729"/>
  <system-out/>
  <testcase classname="poleStar.UiTestClass" name="navigateToTheLink" time="14.304"/>
  <system-out/>
  <testcase classname="poleStar.UiTestClass" name="rejectCookies" time="0.113"/>
  <system-out/>
  <testcase classname="poleStar.UiTestClass" name="rejectCookies" time="0.157"/>
  <system-out/>
  <testcase classname="poleStar.UiTestClass" name="rejectCookies" time="0.368"/>
  <system-out/>
  <testcase classname="poleStar.UiTestClass" name="toHomePage" time="0.818"/>
  <system-out/>
  <testcase classname="poleStar.UiTestClass" name="toHomePage" time="1.088"/>
  <system-out/>
  <testcase classname="poleStar.UiTestClass" name="toHomePage" time="1.113"/>
  <system-out/>
  <testcase classname="poleStar.UiTestClass" name="toLearnMore" time="3.109"/>
  <system-out/>
  <testcase classname="poleStar.UiTestClass" name="toLearnMore" time="0.875"/>
  <system-out/>
  <testcase classname="poleStar.UiTestClass" name="toLearnMore" time="1.204"/>
  <system-out/>
</testsuite> <!-- poleStar.UiTestClass -->
