<?xml version="1.0" encoding="UTF-8"?>
<!-- Generated by org.testng.reporters.JUnitReportReporter -->
<testsuite hostname="TVMATP533067L" failures="0" tests="4" name="poleStar.Main" time="8.954" errors="0" timestamp="2024-06-07T14:49:32 IST" skipped="0">
  <testcase classname="poleStar.Main" name="navigateToTheLink" time="5.790"/>
  <system-out/>
  <testcase classname="poleStar.Main" name="rejectCookies" time="0.145"/>
  <system-out/>
  <testcase classname="poleStar.Main" name="toHomePage" time="1.114"/>
  <system-out/>
  <testcase classname="poleStar.Main" name="toLearnMore" time="1.905"/>
  <system-out/>
</testsuite> <!-- poleStar.Main -->
